[    0.000000] Initializing cgroup subsys cpuset
[    0.000000] Initializing cgroup subsys cpu
[    0.000000] Initializing cgroup subsys cpuacct
[    0.000000] Linux version 4.4.0-141-generic (buildd@lcy01-amd64-006) (gcc version 5.4.0 20160609 (Ubuntu 5.4.0-6ubuntu1~16.04.10) ) #167-Ubuntu SMP Wed Dec 5 10:40:15 UTC 2018 (Ubuntu 4.4.0-141.167-generic 4.4.162)
[    0.000000] Command line: BOOT_IMAGE=/boot/vmlinuz-4.4.0-141-generic root=LABEL=cloudimg-rootfs ro console=tty1 console=ttyS0
[    0.000000] KERNEL supported cpus:
[    0.000000]   Intel GenuineIntel
[    0.000000]   AMD AuthenticAMD
[    0.000000]   Centaur CentaurHauls
[    0.000000] x86/fpu: xstate_offset[2]:  576, xstate_sizes[2]:  256
[    0.000000] x86/fpu: Supporting XSAVE feature 0x01: 'x87 floating point registers'
[    0.000000] x86/fpu: Supporting XSAVE feature 0x02: 'SSE registers'
[    0.000000] x86/fpu: Supporting XSAVE feature 0x04: 'AVX registers'
[    0.000000] x86/fpu: Enabled xstate features 0x7, context size is 832 bytes, using 'standard' format.
[    0.000000] e820: BIOS-provided physical RAM map:
[    0.000000] BIOS-e820: [mem 0x0000000000000000-0x000000000009fbff] usable
[    0.000000] BIOS-e820: [mem 0x000000000009fc00-0x000000000009ffff] reserved
[    0.000000] BIOS-e820: [mem 0x00000000000f0000-0x00000000000fffff] reserved
[    0.000000] BIOS-e820: [mem 0x0000000000100000-0x000000007ffeffff] usable
[    0.000000] BIOS-e820: [mem 0x000000007fff0000-0x000000007fffffff] ACPI data
[    0.000000] BIOS-e820: [mem 0x00000000fec00000-0x00000000fec00fff] reserved
[    0.000000] BIOS-e820: [mem 0x00000000fee00000-0x00000000fee00fff] reserved
[    0.000000] BIOS-e820: [mem 0x00000000fffc0000-0x00000000ffffffff] reserved
[    0.000000] NX (Execute Disable) protection: active
[    0.000000] SMBIOS 2.5 present.
[    0.000000] Hypervisor detected: KVM
[    0.000000] e820: last_pfn = 0x7fff0 max_arch_pfn = 0x400000000
[    0.000000] MTRR: Disabled
[    0.000000] x86/PAT: MTRRs disabled, skipping PAT initialization too.
[    0.000000] CPU MTRRs all blank - virtualized system.
[    0.000000] x86/PAT: Configuration [0-7]: WB  WT  UC- UC  WB  WT  UC- UC  
[    0.000000] found SMP MP-table at [mem 0x0009fff0-0x0009ffff] mapped at [ffff88000009fff0]
[    0.000000] Scanning 1 areas for low memory corruption
[    0.000000] RAMDISK: [mem 0x36304000-0x37179fff]
[    0.000000] ACPI: Early table checksum verification disabled
[    0.000000] ACPI: RSDP 0x00000000000E0000 000024 (v02 VBOX  )
[    0.000000] ACPI: XSDT 0x000000007FFF0030 00003C (v01 VBOX   VBOXXSDT 00000001 ASL  00000061)
[    0.000000] ACPI: FACP 0x000000007FFF00F0 0000F4 (v04 VBOX   VBOXFACP 00000001 ASL  00000061)
[    0.000000] ACPI: DSDT 0x000000007FFF0470 0022EA (v02 VBOX   VBOXBIOS 00000002 INTL 20100528)
[    0.000000] ACPI: FACS 0x000000007FFF0200 000040
[    0.000000] ACPI: FACS 0x000000007FFF0200 000040
[    0.000000] ACPI: APIC 0x000000007FFF0240 00005C (v02 VBOX   VBOXAPIC 00000001 ASL  00000061)
[    0.000000] ACPI: SSDT 0x000000007FFF02A0 0001CC (v01 VBOX   VBOXCPUT 00000002 INTL 20100528)
[    0.000000] No NUMA configuration found
[    0.000000] Faking a node at [mem 0x0000000000000000-0x000000007ffeffff]
[    0.000000] NODE_DATA(0) allocated [mem 0x7ffeb000-0x7ffeffff]
[    0.000000] kvm-clock: Using msrs 4b564d01 and 4b564d00
[    0.000000] kvm-clock: cpu 0, msr 0:7ffe3001, primary cpu clock
[    0.000000] kvm-clock: using sched offset of 3985342395 cycles
[    0.000000] clocksource: kvm-clock: mask: 0xffffffffffffffff max_cycles: 0x1cd42e4dffb, max_idle_ns: 881590591483 ns
[    0.000000] Zone ranges:
[    0.000000]   DMA      [mem 0x0000000000001000-0x0000000000ffffff]
[    0.000000]   DMA32    [mem 0x0000000001000000-0x000000007ffeffff]
[    0.000000]   Normal   empty
[    0.000000]   Device   empty
[    0.000000] Movable zone start for each node
[    0.000000] Early memory node ranges
[    0.000000]   node   0: [mem 0x0000000000001000-0x000000000009efff]
[    0.000000]   node   0: [mem 0x0000000000100000-0x000000007ffeffff]
[    0.000000] Initmem setup node 0 [mem 0x0000000000001000-0x000000007ffeffff]
[    0.000000] ACPI: PM-Timer IO Port: 0x4008
[    0.000000] IOAPIC[0]: apic_id 2, version 32, address 0xfec00000, GSI 0-23
[    0.000000] ACPI: INT_SRC_OVR (bus 0 bus_irq 0 global_irq 2 dfl dfl)
[    0.000000] ACPI: INT_SRC_OVR (bus 0 bus_irq 9 global_irq 9 low level)
[    0.000000] Using ACPI (MADT) for SMP configuration information
[    0.000000] smpboot: Allowing 2 CPUs, 0 hotplug CPUs
[    0.000000] PM: Registered nosave memory: [mem 0x00000000-0x00000fff]
[    0.000000] PM: Registered nosave memory: [mem 0x0009f000-0x0009ffff]
[    0.000000] PM: Registered nosave memory: [mem 0x000a0000-0x000effff]
[    0.000000] PM: Registered nosave memory: [mem 0x000f0000-0x000fffff]
[    0.000000] e820: [mem 0x80000000-0xfebfffff] available for PCI devices
[    0.000000] Booting paravirtualized kernel on KVM
[    0.000000] clocksource: refined-jiffies: mask: 0xffffffff max_cycles: 0xffffffff, max_idle_ns: 7645519600211568 ns
[    0.000000] setup_percpu: NR_CPUS:512 nr_cpumask_bits:512 nr_cpu_ids:2 nr_node_ids:1
[    0.000000] PERCPU: Embedded 34 pages/cpu @ffff88007fc00000 s99608 r8192 d31464 u1048576
[    0.000000] PV qspinlock hash table entries: 256 (order: 0, 4096 bytes)
[    0.000000] Built 1 zonelists in Node order, mobility grouping on.  Total pages: 515960
[    0.000000] Policy zone: DMA32
[    0.000000] Kernel command line: BOOT_IMAGE=/boot/vmlinuz-4.4.0-141-generic root=LABEL=cloudimg-rootfs ro console=tty1 console=ttyS0
[    0.000000] PID hash table entries: 4096 (order: 3, 32768 bytes)
[    0.000000] Memory: 2029888K/2096696K available (8568K kernel code, 1314K rwdata, 4008K rodata, 1528K init, 1316K bss, 66808K reserved, 0K cma-reserved)
[    0.000000] SLUB: HWalign=64, Order=0-3, MinObjects=0, CPUs=2, Nodes=1
[    0.000000] Kernel/User page tables isolation: enabled
[    0.000000] Hierarchical RCU implementation.
[    0.000000] 	Build-time adjustment of leaf fanout to 64.
[    0.000000] 	RCU restricting CPUs from NR_CPUS=512 to nr_cpu_ids=2.
[    0.000000] RCU: Adjusting geometry for rcu_fanout_leaf=64, nr_cpu_ids=2
[    0.000000] NR_IRQS:33024 nr_irqs:440 16
[    0.000000] Console: colour VGA+ 80x25
[    0.000000] console [tty1] enabled
[    0.000000] console [ttyS0] enabled
[    0.000000] tsc: Detected 2304.000 MHz processor
[    0.204936] Calibrating delay loop (skipped) preset value.. 4608.00 BogoMIPS (lpj=9216000)
[    0.207488] pid_max: default: 32768 minimum: 301
[    0.209074] ACPI: Core revision 20150930
[    0.210868] ACPI: 2 ACPI AML tables successfully acquired and loaded
[    0.212564] Security Framework initialized
[    0.213634] Yama: becoming mindful.
[    0.215308] AppArmor: AppArmor initialized
[    0.218131] Dentry cache hash table entries: 262144 (order: 9, 2097152 bytes)
[    0.221121] Inode-cache hash table entries: 131072 (order: 8, 1048576 bytes)
[    0.225542] Mount-cache hash table entries: 4096 (order: 3, 32768 bytes)
[    0.227944] Mountpoint-cache hash table entries: 4096 (order: 3, 32768 bytes)
[    0.229873] Initializing cgroup subsys io
[    0.231165] Initializing cgroup subsys memory
[    0.232745] Initializing cgroup subsys devices
[    0.234071] Initializing cgroup subsys freezer
[    0.235232] Initializing cgroup subsys net_cls
[    0.236439] Initializing cgroup subsys perf_event
[    0.237655] Initializing cgroup subsys net_prio
[    0.238820] Initializing cgroup subsys hugetlb
[    0.240475] Initializing cgroup subsys pids
[    0.242632] mce: CPU supports 0 MCE banks
[    0.243937] Last level iTLB entries: 4KB 64, 2MB 8, 4MB 8
[    0.245758] Last level dTLB entries: 4KB 64, 2MB 0, 4MB 0, 1GB 4
[    0.247421] Spectre V2 : Mitigation: Full generic retpoline
[    0.248869] Spectre V2 : Spectre v2 mitigation: Speculation control IBPB not-supported IBRS not-supported
[    0.251068] Spectre V2 : Spectre v2 / SpectreRSB mitigation: Filling RSB on context switch
[    0.253474] Speculative Store Bypass: Vulnerable
[    0.257134] Freeing SMP alternatives memory: 32K
[    0.266896] ftrace: allocating 32291 entries in 127 pages
[    0.318835] smpboot: APIC(0) Converting physical 0 to logical package 0
[    0.320935] smpboot: Max logical packages: 1
[    0.322261] x2apic enabled
[    0.323238] Switched APIC routing to physical x2apic.
[    0.326302] ..TIMER: vector=0x30 apic1=0 pin1=2 apic2=-1 pin2=-1
[    0.436387] smpboot: CPU0: Intel(R) Core(TM) i5-7360U CPU @ 2.30GHz (family: 0x6, model: 0x8e, stepping: 0x9)
[    0.439511] Performance Events: unsupported p6 CPU model 142 no PMU driver, software events only.
[    0.446273] KVM setup paravirtual spinlock
[    0.456805] x86: Booting SMP configuration:
[    0.459301] .... node  #0, CPUs:      #1
[    0.465112] kvm-clock: cpu 1, msr 0:7ffe3041, secondary cpu clock
[    0.471022] mce: CPU supports 0 MCE banks
[    0.479620] x86: Booted up 1 node, 2 CPUs
[    0.482210] smpboot: Total of 2 processors activated (9216.00 BogoMIPS)
[    0.486571] devtmpfs: initialized
[    0.492129] evm: security.selinux
[    0.494588] evm: security.SMACK64
[    0.498787] evm: security.SMACK64EXEC
[    0.503645] evm: security.SMACK64TRANSMUTE
[    0.505783] evm: security.SMACK64MMAP
[    0.507625] evm: security.ima
[    0.509966] evm: security.capability
[    0.512603] clocksource: jiffies: mask: 0xffffffff max_cycles: 0xffffffff, max_idle_ns: 7645041785100000 ns
[    0.518917] futex hash table entries: 512 (order: 3, 32768 bytes)
[    0.521704] pinctrl core: initialized pinctrl subsystem
[    0.524682] RTC time:  7:26:16, date: 11/12/19
[    0.527746] NET: Registered protocol family 16
[    0.540626] cpuidle: using governor ladder
[    0.552314] cpuidle: using governor menu
[    0.555601] PCCT header not found.
[    0.558077] ACPI: bus type PCI registered
[    0.560763] acpiphp: ACPI Hot Plug PCI Controller Driver version: 0.5
[    0.565286] PCI: Using configuration type 1 for base access
[    0.582823] ACPI: Added _OSI(Module Device)
[    0.585703] ACPI: Added _OSI(Processor Device)
[    0.589203] ACPI: Added _OSI(3.0 _SCP Extensions)
[    0.593707] ACPI: Added _OSI(Processor Aggregator Device)
[    0.597884] ACPI: Executed 1 blocks of module-level executable AML code
[    0.605658] ACPI: Interpreter enabled
[    0.606658] ACPI: (supports S0 S5)
[    0.607636] ACPI: Using IOAPIC for interrupt routing
[    0.609275] PCI: Using host bridge windows from ACPI; if necessary, use "pci=nocrs" and report a bug
[    0.621885] ACPI: PCI Root Bridge [PCI0] (domain 0000 [bus 00-ff])
[    0.624860] acpi PNP0A03:00: _OSC: OS supports [ASPM ClockPM Segments MSI]
[    0.629514] acpi PNP0A03:00: _OSC: not requesting OS control; OS requires [ExtendedConfig ASPM ClockPM MSI]
[    0.634446] acpi PNP0A03:00: fail to add MMCONFIG information, can't access extended PCI configuration space under this bridge.
[    0.642103] PCI host bridge to bus 0000:00
[    0.644958] pci_bus 0000:00: root bus resource [io  0x0000-0x0cf7 window]
[    0.649048] pci_bus 0000:00: root bus resource [io  0x0d00-0xffff window]
[    0.652868] pci_bus 0000:00: root bus resource [mem 0x000a0000-0x000bffff window]
[    0.657627] pci_bus 0000:00: root bus resource [mem 0x80000000-0xfdffffff window]
[    0.662643] pci_bus 0000:00: root bus resource [bus 00-ff]
[    0.672556] pci 0000:00:01.1: legacy IDE quirk: reg 0x10: [io  0x01f0-0x01f7]
[    0.676856] pci 0000:00:01.1: legacy IDE quirk: reg 0x14: [io  0x03f6]
[    0.680260] pci 0000:00:01.1: legacy IDE quirk: reg 0x18: [io  0x0170-0x0177]
[    0.684658] pci 0000:00:01.1: legacy IDE quirk: reg 0x1c: [io  0x0376]
[    0.723114] pci 0000:00:07.0: quirk: [io  0x4000-0x403f] claimed by PIIX4 ACPI
[    0.725862] pci 0000:00:07.0: quirk: [io  0x4100-0x410f] claimed by PIIX4 SMB
[    0.743587] ACPI: PCI Interrupt Link [LNKA] (IRQs 5 9 10 *11)
[    0.746366] ACPI: PCI Interrupt Link [LNKB] (IRQs 5 9 *10 11)
[    0.748642] ACPI: PCI Interrupt Link [LNKC] (IRQs 5 *9 10 11)
[    0.752150] ACPI: PCI Interrupt Link [LNKD] (IRQs 5 9 10 *11)
[    0.754190] ACPI: Enabled 2 GPEs in block 00 to 07
[    0.756041] vgaarb: setting as boot device: PCI:0000:00:02.0
[    0.757468] vgaarb: device added: PCI:0000:00:02.0,decodes=io+mem,owns=io+mem,locks=none
[    0.760546] vgaarb: loaded
[    0.761502] vgaarb: bridge control possible 0000:00:02.0
[    0.763418] SCSI subsystem initialized
[    0.765362] ACPI: bus type USB registered
[    0.767989] usbcore: registered new interface driver usbfs
[    0.769851] usbcore: registered new interface driver hub
[    0.771738] usbcore: registered new device driver usb
[    0.774655] PCI: Using ACPI for IRQ routing
[    0.779907] NetLabel: Initializing
[    0.781184] NetLabel:  domain hash size = 128
[    0.782708] NetLabel:  protocols = UNLABELED CIPSOv4
[    0.785625] NetLabel:  unlabeled traffic allowed by default
[    0.787668] amd_nb: Cannot enumerate AMD northbridges
[    0.789334] clocksource: Switched to clocksource kvm-clock
[    0.802836] AppArmor: AppArmor Filesystem Enabled
[    0.804244] pnp: PnP ACPI init
[    0.806689] pnp: PnP ACPI: found 3 devices
[    0.821162] clocksource: acpi_pm: mask: 0xffffff max_cycles: 0xffffff, max_idle_ns: 2085701024 ns
[    0.824657] NET: Registered protocol family 2
[    0.826471] TCP established hash table entries: 16384 (order: 5, 131072 bytes)
[    0.829312] TCP bind hash table entries: 16384 (order: 6, 262144 bytes)
[    0.831534] TCP: Hash tables configured (established 16384 bind 16384)
[    0.834085] UDP hash table entries: 1024 (order: 3, 32768 bytes)
[    0.835969] UDP-Lite hash table entries: 1024 (order: 3, 32768 bytes)
[    0.838192] NET: Registered protocol family 1
[    0.840192] pci 0000:00:00.0: Limiting direct PCI/PCI transfers
[    0.842938] pci 0000:00:01.0: Activating ISA DMA hang workarounds
[    0.845600] Unpacking initramfs...
[    1.137348] Freeing initrd memory: 14808K
[    1.140136] platform rtc_cmos: registered platform RTC device (no PNP device found)
[    1.143944] Scanning for low memory corruption every 60 seconds
[    1.146692] audit: initializing netlink subsys (disabled)
[    1.148475] audit: type=2000 audit(1573543582.223:1): initialized
[    1.150805] Initialise system trusted keyring
[    1.152381] HugeTLB registered 2 MB page size, pre-allocated 0 pages
[    1.156403] zbud: loaded
[    1.158421] VFS: Disk quotas dquot_6.6.0
[    1.160301] VFS: Dquot-cache hash table entries: 512 (order 0, 4096 bytes)
[    1.162744] squashfs: version 4.0 (2009/01/31) Phillip Lougher
[    1.164889] fuse init (API version 7.23)
[    1.166497] Key type big_key registered
[    1.168044] Allocating IMA MOK and blacklist keyrings.
[    1.171765] Key type asymmetric registered
[    1.173224] Asymmetric key parser 'x509' registered
[    1.175266] Block layer SCSI generic (bsg) driver version 0.4 loaded (major 249)
[    1.178119] io scheduler noop registered
[    1.179588] io scheduler deadline registered (default)
[    1.181689] io scheduler cfq registered
[    1.184391] pci_hotplug: PCI Hot Plug PCI Core version: 0.5
[    1.186657] pciehp: PCI Express Hot Plug Controller Driver version: 0.4
[    1.189660] ACPI: AC Adapter [AC] (on-line)
[    1.191719] input: Power Button as /devices/LNXSYSTM:00/LNXPWRBN:00/input/input0
[    1.195025] ACPI: Power Button [PWRF]
[    1.196522] input: Sleep Button as /devices/LNXSYSTM:00/LNXSLPBN:00/input/input1
[    1.199160] ACPI: Sleep Button [SLPF]
[    1.201574] GHES: HEST is not enabled!
[    1.204038] Serial: 8250/16550 driver, 32 ports, IRQ sharing enabled
[    1.205837] ACPI: Battery Slot [BAT0] (battery present)
[    1.228666] 00:02: ttyS0 at I/O 0x3f8 (irq = 4, base_baud = 115200) is a 16550A
[    1.236714] Linux agpgart interface v0.103
[    1.244991] loop: module loaded
[    1.246912] scsi host0: ata_piix
[    1.248354] scsi host1: ata_piix
[    1.250143] ata1: PATA max UDMA/33 cmd 0x1f0 ctl 0x3f6 bmdma 0xd000 irq 14
[    1.252762] ata2: PATA max UDMA/33 cmd 0x170 ctl 0x376 bmdma 0xd008 irq 15
[    1.255184] libphy: Fixed MDIO Bus: probed
[    1.256866] tun: Universal TUN/TAP device driver, 1.6
[    1.259394] tun: (C) 1999-2004 Max Krasnyansky <maxk@qualcomm.com>
[    1.262463] PPP generic driver version 2.4.2
[    1.264593] ehci_hcd: USB 2.0 'Enhanced' Host Controller (EHCI) Driver
[    1.267222] ehci-pci: EHCI PCI platform driver
[    1.268650] ehci-platform: EHCI generic platform driver
[    1.271171] ohci_hcd: USB 1.1 'Open' Host Controller (OHCI) Driver
[    1.273805] ohci-pci: OHCI PCI platform driver
[    1.276070] ohci-platform: OHCI generic platform driver
[    1.278042] uhci_hcd: USB Universal Host Controller Interface driver
[    1.280085] i8042: PNP: PS/2 Controller [PNP0303:PS2K,PNP0f03:PS2M] at 0x60,0x64 irq 1,12
[    1.282981] serio: i8042 KBD port at 0x60,0x64 irq 1
[    1.284545] serio: i8042 AUX port at 0x60,0x64 irq 12
[    1.286497] mousedev: PS/2 mouse device common for all mice
[    1.288943] input: AT Translated Set 2 keyboard as /devices/platform/i8042/serio0/input/input2
[    1.292863] rtc_cmos rtc_cmos: rtc core: registered rtc_cmos as rtc0
[    1.295110] rtc_cmos rtc_cmos: alarms up to one day, 114 bytes nvram
[    1.297319] i2c /dev entries driver
[    1.298516] device-mapper: uevent: version 1.0.3
[    1.299874] device-mapper: ioctl: 4.34.0-ioctl (2015-10-28) initialised: dm-devel@redhat.com
[    1.302658] ledtrig-cpu: registered to indicate activity on CPUs
[    1.304898] NET: Registered protocol family 10
[    1.307140] NET: Registered protocol family 17
[    1.308972] Key type dns_resolver registered
[    1.311963] registered taskstats version 1
[    1.313073] Loading compiled-in X.509 certificates
[    1.315406] Loaded X.509 cert 'Build time autogenerated kernel key: 7c9fb337b82e5a343493fe891c556beae1895c7c'
[    1.319001] zswap: loaded using pool lzo/zbud
[    1.322347] Key type trusted registered
[    1.326921] Key type encrypted registered
[    1.328212] AppArmor: AppArmor sha1 policy hashing enabled
[    1.329683] ima: No TPM chip found, activating TPM-bypass!
[    1.331316] ima: Allocated hash algorithm: sha1
[    1.332853] evm: HMAC attrs: 0x1
[    1.334756]   Magic number: 11:48:420
[    1.336229] rtc_cmos rtc_cmos: setting system clock to 2019-11-12 07:26:17 UTC (1573543577)
[    1.339295] BIOS EDD facility v0.16 2004-Jun-25, 0 devices found
[    1.341402] EDD information not available.
[    1.411116] Freeing unused kernel memory: 1528K
[    1.413296] Write protecting the kernel read-only data: 14336k
[    1.416247] Freeing unused kernel memory: 1660K
[    1.418252] Freeing unused kernel memory: 88K
Loading, please wait...
starting version 229
[    1.435556] random: systemd-udevd: uninitialized urandom read (16 bytes read, 3 bits of entropy available)
[    1.437548] random: udevadm: uninitialized urandom read (16 bytes read, 3 bits of entropy available)
[    1.437572] random: udevadm: uninitialized urandom read (16 bytes read, 3 bits of entropy available)
[    1.445062] random: systemd-udevd: uninitialized urandom read (16 bytes read, 3 bits of entropy available)
[    1.445794] random: udevadm: uninitialized urandom read (16 bytes read, 3 bits of entropy available)
[    1.445828] random: udevadm: uninitialized urandom read (16 bytes read, 3 bits of entropy available)
[    1.445928] random: udevadm: uninitialized urandom read (16 bytes read, 3 bits of entropy available)
[    1.445966] random: udevadm: uninitialized urandom read (16 bytes read, 3 bits of entropy available)
[    1.446001] random: udevadm: uninitialized urandom read (16 bytes read, 3 bits of entropy available)
[    1.446037] random: udevadm: uninitialized urandom read (16 bytes read, 3 bits of entropy available)
[    1.563386] Fusion MPT base driver 3.04.20
[    1.565123] Copyright (c) 1999-2008 LSI Corporation
[    1.577153] e1000: Intel(R) PRO/1000 Network Driver - version 7.3.21-k8-NAPI
[    1.579179] e1000: Copyright (c) 1999-2006 Intel Corporation.
[    1.592212] Fusion MPT SPI Host driver 3.04.20
[    1.602460] AVX2 version of gcm_enc/dec engaged.
[    1.604546] AES CTR mode by8 optimization enabled
[    1.800689] input: ImExPS/2 Generic Explorer Mouse as /devices/platform/i8042/serio1/input/input4
[    2.084260] e1000 0000:00:03.0 eth0: (PCI:33MHz:32-bit) 02:9c:d2:53:c1:d1
[    2.087286] e1000 0000:00:03.0 eth0: Intel(R) PRO/1000 Network Connection
[    2.137901] tsc: Refined TSC clocksource calibration: 2305.070 MHz
[    2.140300] clocksource: tsc: mask: 0xffffffffffffffff max_cycles: 0x2139ea9543f, max_idle_ns: 440795297760 ns
[    2.581236] e1000 0000:00:08.0 eth1: (PCI:33MHz:32-bit) 08:00:27:67:f7:af
[    2.583431] e1000 0000:00:08.0 eth1: Intel(R) PRO/1000 Network Connection
[    2.589544] e1000 0000:00:03.0 enp0s3: renamed from eth0
[    2.594720] mptbase: ioc0: Initiating bringup
[    2.606303] e1000 0000:00:08.0 enp0s8: renamed from eth1
[    2.677401] ioc0: LSI53C1030 A0: Capabilities={Initiator}
[    3.610131] scsi host2: ioc0: LSI53C1030 A0, FwRev=00000000h, Ports=1, MaxQ=256, IRQ=20
[    4.010507] scsi 2:0:0:0: Direct-Access     VBOX     HARDDISK         1.0  PQ: 0 ANSI: 5
[    4.018891] scsi target2:0:0: Beginning Domain Validation
[    4.027100] scsi target2:0:0: Domain Validation skipping write tests
[    4.032602] scsi target2:0:0: Ending Domain Validation
[    4.035612] scsi target2:0:0: asynchronous
[    4.039612] scsi 2:0:1:0: Direct-Access     VBOX     HARDDISK         1.0  PQ: 0 ANSI: 5
[    4.061765] scsi target2:0:1: Beginning Domain Validation
[    4.068587] scsi target2:0:1: Domain Validation skipping write tests
[    4.075517] scsi target2:0:1: Ending Domain Validation
[    4.078654] scsi target2:0:1: asynchronous
[    4.096242] sd 2:0:0:0: [sda] 20971520 512-byte logical blocks: (10.7 GB/10.0 GiB)
[    4.096329] sd 2:0:0:0: Attached scsi generic sg0 type 0
[    4.104481] sd 2:0:0:0: [sda] Write Protect is off
[    4.108192] sd 2:0:1:0: [sdb] 20480 512-byte logical blocks: (10.5 MB/10.0 MiB)
[    4.108385] sd 2:0:1:0: Attached scsi generic sg1 type 0
[    4.113600] sd 2:0:0:0: [sda] Incomplete mode parameter data
[    4.113602] sd 2:0:0:0: [sda] Assuming drive cache: write through
[    4.119474]  sda: sda1
[    4.120895] sd 2:0:0:0: [sda] Attached SCSI disk
[    4.132923] sd 2:0:1:0: [sdb] Write Protect is off
[    4.136154] sd 2:0:1:0: [sdb] Incomplete mode parameter data
[    4.139330] sd 2:0:1:0: [sdb] Assuming drive cache: write through
[    4.147184] sd 2:0:1:0: [sdb] Attached SCSI disk
Begin: Loading essential drivers ... [    5.614301] md: linear personality registered for level -1
[    5.618954] md: multipath personality registered for level -4
[    5.623091] md: raid0 personality registered for level 0
[    5.628547] md: raid1 personality registered for level 1
[    5.701846] raid6: sse2x1   gen()  9833 MB/s
[    5.769915] raid6: sse2x1   xor()  8196 MB/s
[    5.837410] raid6: sse2x2   gen() 12284 MB/s
[    5.905580] raid6: sse2x2   xor()  5560 MB/s
[    5.973421] raid6: sse2x4   gen() 12243 MB/s
[    6.042054] raid6: sse2x4   xor()  9715 MB/s
[    6.109581] raid6: avx2x1   gen() 21311 MB/s
[    6.177470] raid6: avx2x2   gen() 23501 MB/s
[    6.245929] raid6: avx2x4   gen() 25776 MB/s
[    6.247808] raid6: using algorithm avx2x4 gen() 25776 MB/s
[    6.249678] raid6: using avx2x2 recovery algorithm
[    6.253679] xor: automatically using best checksumming function:
[    6.293383]    avx       : 23384.000 MB/sec
[    6.297474] async_tx: api initialized (async)
[    6.308906] md: raid6 personality registered for level 6
[    6.311118] md: raid5 personality registered for level 5
[    6.312874] md: raid4 personality registered for level 4
[    6.320205] md: raid10 personality registered for level 10
done.
Begin: Running /scripts/init-premount ... done.
Begin: Mounting root file system ... Begin: Running /scripts/local-top ... done.
Begin: Running /scripts/local-premount ... [    6.391439] Btrfs loaded
Scanning for Btrfs filesystems
done.
Warning: fsck not present, so skipping root file system
[    6.439222] EXT4-fs (sda1): mounted filesystem with ordered data mode. Opts: (null)
done.
Begin: Running /scripts/local-bottom ... done.
Begin: Running /scripts/init-bottom ... done.
[    6.549166] systemd[1]: systemd 229 running in system mode. (+PAM +AUDIT +SELINUX +IMA +APPARMOR +SMACK +SYSVINIT +UTMP +LIBCRYPTSETUP +GCRYPT +GNUTLS +ACL +XZ -LZ4 +SECCOMP +BLKID +ELFUTILS +KMOD -IDN)
[    6.554674] systemd[1]: Detected virtualization oracle.
[    6.556157] systemd[1]: Detected architecture x86-64.

Welcome to [1mUbuntu 16.04.5 LTS[0m!

[    6.562378] systemd[1]: Set hostname to <ansible>.
[    6.709734] systemd[1]: Listening on udev Control Socket.
[[0;32m  OK  [0m] Listening on udev Control Socket.
[    6.712481] systemd[1]: Created slice System Slice.
[[0;32m  OK  [0m] Created slice System Slice.
[    6.714888] systemd[1]: Listening on Journal Socket.
[[0;32m  OK  [0m] Listening on Journal Socket.
[    6.733725] systemd[1]: Mounting POSIX Message Queue File System...
         Mounting POSIX Message Queue File System...
[    6.739580] systemd[1]: Mounting Huge Pages File System...
         Mounting Huge Pages File System...
[    6.746187] systemd[1]: Created slice system-serial\x2dgetty.slice.
[[0;32m  OK  [0m] Created slice system-serial\x2dgetty.slice.
[    6.749437] systemd[1]: Listening on LVM2 metadata daemon socket.
[[0;32m  OK  [0m] Listening on LVM2 metadata daemon socket.
[    6.752439] systemd[1]: Reached target Encrypted Volumes.
[[0;32m  OK  [0m] Reached target Encrypted Volumes.
[    6.755328] systemd[1]: Listening on Journal Socket (/dev/log).
[[0;32m  OK  [0m] Listening on Journal Socket (/dev/log).
[    6.758472] systemd[1]: Started Trigger resolvconf update for networkd DNS.
[[0;32m  OK  [0m] Started Trigger resolvconf update for networkd DNS.
[    6.762140] systemd[1]: Listening on Journal Audit Socket.
[[0;32m  OK  [0m] Listening on Journal Audit Socket.
[    6.765318] systemd[1]: Set up automount Arbitrary Executable File Formats File System Automount Point.
[[0;32m  OK  [0m] Set up automount Arbitrary Executab...ats File System Automount Point.
[    6.770438] systemd[1]: Reached target System Time Synchronized.
[[0;32m  OK  [0m] Reached target System Time Synchronized.
[    6.790033] systemd[1]: Starting Create list of required static device nodes for the current kernel...
         Starting Create list of required st... nodes for the current kernel...
[    6.798696] systemd[1]: Starting Uncomplicated firewall...
         Starting Uncomplicated firewall...
[    6.802972] systemd[1]: Started Forward Password Requests to Wall Directory Watch.
[[0;32m  OK  [0m] Started Forward Password Requests to Wall Directory Watch.
[    6.807932] systemd[1]: Starting Remount Root and Kernel File Systems...
         Starting Remount Root and Kernel File Systems...
[    6.814170] systemd[1]: Listening on LVM2 poll daemon socket.
[[0;32m  OK  [0m] Listening on LVM2 poll daemon socket.
[    6.817275] EXT4-fs (sda1): re-mounted. Opts: (null)
[    6.818674] systemd[1]: Listening on /dev/initctl Compatibility Named Pipe.
[[0;32m  OK  [0m] Listening on /dev/initctl Compatibility Named Pipe.
[    6.821871] systemd[1]: Reached target Swap.
[[0;32m  OK  [0m] Reached target Swap.
[    6.824725] systemd[1]: Starting Set console keymap...
         Starting Set console keymap...
[    6.830753] systemd[1]: Starting Load Kernel Modules...
         Starting Load Kernel Modules...
[    6.834936] systemd[1]: Reached target User and Group Name Lookups.
[[0;32m  OK  [0m] Reached target User and Group Name Lookups.
[    6.840141] systemd[1]: Starting Nameserver information manager...
         Starting Nameserver information manager...
[    6.843577] Loading iSCSI transport class v2.0-870.
[    6.844179] systemd[1]: Mounting Debug File System...
         Mounting Debug File System...
[    6.849142] systemd[1]: Listening on Syslog Socket.
[[0;32m  OK  [0m] Listening on Syslog Socket.
[    6.852956] systemd[1]: Starting Journal Service...
         Starting Journal Service...
[    6.855362] systemd[1]: Listening on udev Kernel Socket.
[[0;32m  OK  [0m] Listening on udev Kernel Socket.
[    6.860093] systemd[1]: Listening on Device-mapper event daemon FIFOs.
[[0;32m  OK  [0m] Listening on Device-mapper event daemon FIFOs.
[    6.864924] systemd[1]: Starting Monitoring of LVM2 mirrors, snapshots etc. using dmeventd or progress polling...
         Starting Monitoring of LVM2 mirrors... dmeventd or progress polling...
[    6.871150] systemd[1]: Created slice User and Session Slice.
[[0;32m  OK  [0m] Created slice User and Session Slice.
[    6.877592] systemd[1]: Reached target Slices.
[[0;32m  OK  [0m] Reached target Slices.
[    6.883403] systemd[1]: Mounted Debug File System.
[[0;32m  OK  [0m] Mounted Debug File System.
[    6.886131] systemd[1]: Mounted Huge Pages File System.
[[0;32m  OK  [0m] Mounted Huge Pages File System.
[    6.889290] systemd[1]: Mounted POSIX Message Queue File System.
[[0;32m  OK  [0m] Mounted POSIX Message Queue File System.
[    6.892706] systemd[1]: Started Journal Service.
[[0;32m  OK  [0m] Started Journal Service.
[    6.897036] iscsi: registered transport (tcp)
[[0;32m  OK  [0m] Started Create list of required sta...ce nodes for the current kernel.
[[0;32m  OK  [0m] Started Uncomplicated firewall.
[[0;32m  OK  [0m] Started Remount Root and Kernel File Systems.
[[0;32m  OK  [0m] Started Set console keymap.
[[0;32m  OK  [0m] Started Nameserver information manager.
[    6.935789] iscsi: registered transport (iser)
[[0;32m  OK  [0m] Started Load Kernel Modules.
         Starting Apply Kernel Variables...
         Mounting FUSE Control File System...
[[0;32m  OK  [0m] Started LVM2 metadata daemon.
         Starting udev Coldplug all Devices...
         Starting Load/Save Random Seed...
         Starting Create Static Device Nodes in /dev...
         Starting Flush Journal to Persistent Storage...
[[0;32m  OK  [0m] Mounted FUSE Control File System.
[[0;32m  OK  [0m] Started Load/Save Random Seed.
[[0;32m  OK  [0m] Started Apply Kernel Variables.
[[0;32m  OK  [0m] Started Create Static Device Nodes in /dev.
[[0;32m  OK  [0m] Started udev Coldplug all Devices.
[[0;32m  OK  [0m] Started Flush Journal to Persistent Storage.
         Starting udev Kernel Device Manager...
[[0;32m  OK  [0m] Started Monitoring of LVM2 mirrors,...ng dmeventd or progress polling.
[[0;32m  OK  [0m] Reached target Local File Systems (Pre).
[[0;32m  OK  [0m] Reached target Local File Systems.
         Starting LSB: AppArmor initialization...
         Starting Create Volatile Files and Directories...
         Starting Initial cloud-init job (pre-networking)...
         Starting Tell Plymouth To Write Out Runtime Data...
         Starting Set console font and keymap...
[[0;32m  OK  [0m] Started udev Kernel Device Manager.
[[0;32m  OK  [0m] Started Dispatch Password Requests to Console Directory Watch.
[[0;32m  OK  [0m] Started Create Volatile Files and Directories.
         Starting Update UTMP about System Boot/Shutdown...
[[0;32m  OK  [0m] Started Tell Plymouth To Write Out Runtime Data.
[[0;32m  OK  [0m] Started Update UTMP about System Boot/Shutdown.
[[0;32m  OK  [0m] Started LSB: AppArmor initialization.
[[0;32m  OK  [0m] Found device /dev/ttyS0.
[[0;32m  OK  [0m] Listening on Load/Save RF Kill Switch Status /dev/rfkill Watch.
[[0;32m  OK  [0m] Found device 82540EM Gigabit Ethern...r (PRO/1000 MT Desktop Adapter).
[[0;32m  OK  [0m] Found device 82540EM Gigabit Ethern...r (PRO/1000 MT Desktop Adapter).
[    7.819604] cloud-init[493]: Cloud-init v. 18.4-0ubuntu1~16.04.2 running 'init-local' at Tue, 12 Nov 2019 07:26:24 +0000. Up 7.54 seconds.
[[0;32m  OK  [0m] Started Initial cloud-init job (pre-networking).
[[0;32m  OK  [0m] Started Set console font and keymap.
[[0;32m  OK  [0m] Created slice system-getty.slice.
[[0;32m  OK  [0m] Reached target Network (Pre).
[[0;32m  OK  [0m] Started ifup for enp0s8.
         Starting Raise network interfaces...
[[0;32m  OK  [0m] Started ifup for enp0s3.
[[0;32m  OK  [0m] Started Raise network interfaces.
[[0;32m  OK  [0m] Reached target Network.
         Starting Initial cloud-init job (metadata service crawler)...
[    8.596889] cloud-init[1070]: Cloud-init v. 18.4-0ubuntu1~16.04.2 running 'init' at Tue, 12 Nov 2019 07:26:24 +0000. Up 8.37 seconds.
[    8.608647] cloud-init[1070]: ci-info: ++++++++++++++++++++++++++++++++++++++Net device info+++++++++++++++++++++++++++++++++++++++
[    8.620366] cloud-init[1070]: ci-info: +--------+------+-----------------------------+---------------+--------+-------------------+
[    8.632439] cloud-init[1070]: ci-info: | Device |  Up  |           Address           |      Mask     | Scope  |     Hw-Address    |
[    8.640627] cloud-init[1070]: ci-info: +--------+------+-----------------------------+---------------+--------+-------------------+
[[0;32m  OK  [0m] Started Initial cloud-init job (metadata service crawler).
[    8.645983] cloud-init[1070]: ci-info: | enp0s3 | True |          10.0.2.15          | 255.255.255.0 | global | 02:9c:d2:53:c1:d1 |
[    8.656345] [[0;32m  OK  [0m] Reached target Network is Online.
cloud-init[1070]: ci-info: | enp0s3 | True |  fe80::9c:d2ff:fe53:c1d1/64 |       .       |  link  | 02:9c:d2:53:c1:d1 |
[    8.669095] cloud-init[1070]: ci-info: | enp0s8 | True |        192.168.45.10        | 255.255.255.0 | global | 08:00:27:67:f7:af |
[    8.672990] cloud-init[1070]: ci-info: | enp0s8 | True | fe80::a00:27ff:fe67:f7af/64 |       .       |  link  | 08:00:27:67:f7:af |
[    8.673342] cloud-init[1070]: ci-info: |   lo   | True |          127.0.0.1          |   255.0.0.0   |  host  |         .         |
[    8.674079] cloud-init[1070]: ci-info: |   lo   | True |           ::1/128           |       .       |  host  |         .         |
         Starting iSCSI initiator daemon (iscsid)...
[[0;32m  OK  [0m] Reached target System Initialization.
[    8.674752] cloud-init[1070]: ci-info: +--------+------+-----------------------------+---------------+--------+-------------------+
[    8.684153] cloud-init[1070]: ci-info: ++++++++++++++++++++++++++++Route IPv4 info++++++++++++++++++++++++++++
[    8.686120] cloud-init[1070]: ci-info: +-------+--------------+----------+---------------+-----------+-------+
[    8.686411] cloud-init[1070]: ci-info: | Route | Destination  | Gateway  |    Genmask    | Interface | Flags |
[    8.687529] cloud-init[1070]: ci-info: +-------+--------------+----------+---------------+-----------+-------+
[    8.688985] cloud-init[1070]: ci-info: |   0   |   0.0.0.0    | 10.0.2.2 |    0.0.0.0    |   enp0s3  |   UG  |
[    8.690009] cloud-init[1070]: ci-info: |   1   |   10.0.2.0   | 0.0.0.0  | 255.255.255.0 |   enp0s3  |   U   |
[    8.690696] cloud-init[1070]: ci-info: |   2   | 192.168.45.0 | 0.0.0.0  | 255.255.255.0 |   enp0s8  |   U   |
[    8.691624] cloud-init[1070]: ci-info: +-------+--------------+----------+---------------+-----------+-------+
[    8.693485] cloud-init[1070]: ci-info: +++++++++++++++++++Route IPv6 info+++++++++++++++++++
[    8.694551] cloud-init[1070]: ci-info: +-------+-------------+---------+-----------+-------+
[    8.694848] cloud-init[1070]: ci-info: | Route | Destination | Gateway | Interface | Flags |
[    8.695106] cloud-init[1070]: ci-info: +-------+-------------+---------+-----------+-------+
[    8.695907] cloud-init[1070]: ci-info: |   0   |  fe80::/64  |    ::   |   enp0s8  |   U   |
[    8.696697] cloud-init[1070]: ci-info: |   1   |  fe80::/64  |    ::   |   enp0s3  |   U   |
[    8.697363] cloud-init[1070]: ci-info: |   4   |   ff00::/8  |    ::   |   enp0s8  |   U   |
[    8.697404] cloud-init[1070]: ci-info: |   5   |   ff00::/8  |    ::   |   enp0s3  |   U   |
         Starting LXD - unix socket.
[    8.697565] cloud-init[1070]: ci-info: +-------+-------------+---------+-----------+-------+
[[0;32m  OK  [0m] Started ACPI Events Check.
[[0;32m  OK  [0m] Reached target Paths.
[[0;32m  OK  [0m] Listening on ACPID Listen Socket.
[[0;32m  OK  [0m] Listening on D-Bus System Message Bus Socket.
         Starting Docker Socket for the API.
[[0;32m  OK  [0m] Started Daily Cleanup of Temporary Directories.
[[0;32m  OK  [0m] Started Daily apt download activities.
[[0;32m  OK  [0m] Started Daily apt upgrade and clean activities.
[[0;32m  OK  [0m] Reached target Timers.
         Starting Socket activation for snappy daemon.
[[0;32m  OK  [0m] Listening on UUID daemon activation socket.
[[0;32m  OK  [0m] Reached target Cloud-config availability.
[[0;32m  OK  [0m] Listening on LXD - unix socket.
[[0;32m  OK  [0m] Listening on Docker Socket for the API.
[[0;32m  OK  [0m] Listening on Socket activation for snappy daemon.
[[0;32m  OK  [0m] Started iSCSI initiator daemon (iscsid).
         Starting Login to default iSCSI targets...
[[0;32m  OK  [0m] Reached target Sockets.
[[0;32m  OK  [0m] Reached target Basic System.
         Starting Snappy daemon...
         Starting LSB: MD monitoring daemon...
         Starting LSB: Record successful boot for GRUB...
         Starting Virtualbox guest utils...
[[0;32m  OK  [0m] Started Unattended Upgrades Shutdown.
[[0;32m  OK  [0m] Started D-Bus System Message Bus.
[[0;32m  OK  [0m] Started Regular background program processing daemon.
[[0;32m  OK  [0m] Started Deferred execution scheduler.
         Starting /etc/rc.local Compatibility...
         Starting System Logging Service...
         Starting OpenBSD Secure Shell server...
[[0;32m  OK  [0m] Started FUSE filesystem for LXC.
         Starting containerd container runtime...
[[0;32m  OK  [0m] Started ACPI event daemon.
         Starting Login Service...
         Starting Accounts Service...
         Starting LXD - container startup/shutdown...
[[0;32m  OK  [0m] Started /etc/rc.local Compatibility.
[[0;32m  OK  [0m] Started containerd container runtime.
[[0;32m  OK  [0m] Started Login to default iSCSI targets.
[[0;32m  OK  [0m] Started System Logging Service.
[[0;32m  OK  [0m] Started LSB: Record successful boot for GRUB.
[[0;32m  OK  [0m] Started LSB: MD monitoring daemon.
[[0;32m  OK  [0m] Started OpenBSD Secure Shell server.
[[0;32m  OK  [0m] Reached target Remote File Systems (Pre).
[[0;32m  OK  [0m] Reached target Remote File Systems.
         Starting LSB: Set up cgroupfs mounts....
         Starting LSB: daemon to balance interrupts for SMP systems...
         Starting LSB: automatic crash report generation...
         Starting Permit User Sessions...
         Starting LSB: Set the CPU Frequency Scaling governor to "ondemand"...
         Starting Docker Application Container Engine...
[[0;32m  OK  [0m] Started LSB: Set up cgroupfs mounts..
[[0;32m  OK  [0m] Started Permit User Sessions.
[[0;32m  OK  [0m] Started Login Service.
         Starting Authenticate and Authorize Users to Run Privileged Tasks...
         Starting Terminate Plymouth Boot Screen...
         Starting Hold until boot process finishes up...
[[0;32m  OK  [0m] Started Virtualbox guest utils.
[[0;32m  OK  [0m] Started LSB: Set the CPU Frequency Scaling governor to "ondemand".
[[0;32m  OK  [0m] Started Terminate Plymouth Boot Screen.
[[0;32m  OK  [0m] Started LXD - container startup/shutdown.
[[0;32m  OK  [0m] Started LSB: daemon to balance interrupts for SMP systems.
[[0;32m  OK  [0m] Started LSB: automatic crash report generation.
[[0;32m  OK  [0m] Started Hold until boot process finishes up.
[[0;32m  OK  [0m] Started Snappy daemon.
[[0;32m  OK  [0m] Started Authenticate and Authorize Users to Run Privileged Tasks.
[[0;32m  OK  [0m] Started Accounts Service.
         Starting Wait until snapd is fully seeded...
[[0;32m  OK  [0m] Started Serial Getty on ttyS0.
         Starting Set console scheme...
[[0;32m  OK  [0m] Started Getty on tty1.
[[0;32m  OK  [0m] Reached target Login Prompts.
[[0;32m  OK  [0m] Started Set console scheme.
[[0;32m  OK  [0m] Started Wait until snapd is fully seeded.
         Starting Apply the settings specified in cloud-config...
[   10.303247] cloud-init[1331]: Cloud-init v. 18.4-0ubuntu1~16.04.2 running 'modules:config' at Tue, 12 Nov 2019 07:26:26 +0000. Up 10.17 seconds.
[[0;32m  OK  [0m] Started Apply the settings specified in cloud-config.
[[0;32m  OK  [0m] Created slice User Slice of vagrant.
         Starting User Manager for UID 1000...
[[0;32m  OK  [0m] Started Session 1 of user vagrant.
[[0;32m  OK  [0m] Started User Manager for UID 1000.
[[0;32m  OK  [0m] Started Docker Application Container Engine.
[[0;32m  OK  [0m] Reached target Multi-User System.
         Starting Execute cloud user/final scripts...
[[0;32m  OK  [0m] Reached target Graphical Interface.
         Starting Update UTMP about System Runlevel Changes...
[[0;32m  OK  [0m] Started Update UTMP about System Runlevel Changes.
[   14.080274] cloud-init[2399]: Cloud-init v. 18.4-0ubuntu1~16.04.2 running 'modules:final' at Tue, 12 Nov 2019 07:26:30 +0000. Up 13.84 seconds.
[   14.101929] cloud-init[2399]: Cloud-init v. 18.4-0ubuntu1~16.04.2 finished at Tue, 12 Nov 2019 07:26:30 +0000. Datasource DataSourceNoCloud [seed=/dev/sdb][dsmode=net].  Up 14.07 seconds
[[0;32m  OK  [0m] Started Execute cloud user/final scripts.
[[0;32m  OK  [0m] Reached target Cloud-init target.

Ubuntu 16.04.5 LTS ansible ttyS0

ansible login: 